2025-05-08 22:50:08.344 [info] [main] Log level: Info
2025-05-08 22:50:08.344 [info] [main] Validating found git in: "git"
2025-05-08 22:50:08.345 [info] [main] Using git "2.43.0" from "git"
2025-05-08 22:50:08.345 [info] [Model][doInitialScan] Initial repository scan started
2025-05-08 22:50:08.345 [info] > git rev-parse --show-toplevel [47ms]
2025-05-08 22:50:08.348 [info] > git rev-parse --git-dir --git-common-dir [5ms]
2025-05-08 22:50:08.382 [info] [Model][openRepository] Opened repository: /var/www/belajar
2025-05-08 22:50:08.476 [info] > git rev-parse --show-toplevel [29ms]
2025-05-08 22:50:08.481 [info] > git config --get commit.template [69ms]
2025-05-08 22:50:08.668 [info] > git rev-parse --show-toplevel [94ms]
2025-05-08 22:50:08.696 [info] > git for-each-ref --format=%(refname)%00%(upstream:short)%00%(objectname)%00%(upstream:track)%00%(upstream:remotename)%00%(upstream:remoteref) refs/heads/main refs/remotes/main [44ms]
2025-05-08 22:50:08.698 [info] > git rev-parse --show-toplevel [4ms]
2025-05-08 22:50:08.705 [info] [Model][doInitialScan] Initial repository scan completed - repositories (1), closed repositories (0), parent repositories (0), unsafe repositories (0)
2025-05-08 22:50:08.748 [info] > git status -z -uall [28ms]
2025-05-08 22:50:08.755 [info] > git for-each-ref --sort -committerdate --format %(refname)%00%(objectname)%00%(*objectname) [11ms]
2025-05-08 22:50:08.947 [info] > git for-each-ref --format=%(refname)%00%(upstream:short)%00%(objectname)%00%(upstream:track)%00%(upstream:remotename)%00%(upstream:remoteref) refs/heads/main refs/remotes/main [131ms]
2025-05-08 22:50:08.969 [info] > git config --get --local branch.main.vscode-merge-base [6ms]
2025-05-08 22:50:08.969 [warning] [Git][config] git config failed: Failed to execute git
2025-05-08 22:50:08.986 [info] > git config --get commit.template [48ms]
2025-05-08 22:50:08.999 [info] > git reflog main --grep-reflog=branch: Created from *. [16ms]
2025-05-08 22:50:09.041 [info] > git check-ignore -v -z --stdin [12ms]
2025-05-08 22:50:09.042 [info] > git symbolic-ref --short refs/remotes/origin/HEAD [29ms]
2025-05-08 22:50:09.042 [info] fatal: ref refs/remotes/origin/HEAD is not a symbolic ref
2025-05-08 22:50:09.043 [warning] [Repository][getDefaultBranch] Failed to get default branch details: Failed to execute git.
2025-05-08 22:50:09.057 [info] > git for-each-ref --format=%(refname)%00%(upstream:short)%00%(objectname)%00%(upstream:track)%00%(upstream:remotename)%00%(upstream:remoteref) refs/heads/main refs/remotes/main [59ms]
2025-05-08 22:50:09.067 [info] > git merge-base refs/heads/main refs/remotes/origin/main [11ms]
2025-05-08 22:50:09.123 [info] > git status -z -uall [22ms]
2025-05-08 22:50:09.126 [info] > git diff --name-status -z --diff-filter=ADMR b30f6db0ba3df9aab556ffc7011d923c8ea37d10...refs/remotes/origin/main [42ms]
2025-05-08 22:50:09.129 [info] > git for-each-ref --sort -committerdate --format %(refname)%00%(objectname)%00%(*objectname) [9ms]
2025-05-08 22:50:11.522 [info] > git show --textconv :index.html [37ms]
2025-05-08 22:50:11.523 [info] > git ls-files --stage -- index.html [7ms]
2025-05-08 22:50:11.629 [info] > git cat-file -s 492de14769372cda9354761e76b86c09e966a7b5 [94ms]
2025-05-08 22:50:12.509 [info] > git blame --root --incremental b30f6db0ba3df9aab556ffc7011d923c8ea37d10 -- index.html [81ms]
2025-05-08 22:50:12.861 [info] > git for-each-ref --format=%(refname)%00%(upstream:short)%00%(objectname)%00%(upstream:track)%00%(upstream:remotename)%00%(upstream:remoteref) refs/heads/main refs/remotes/main [3ms]
2025-05-08 22:50:12.868 [info] > git config --get commit.template [43ms]
2025-05-08 22:50:12.915 [info] > git status -z -uall [25ms]
2025-05-08 22:50:12.921 [info] > git for-each-ref --sort -committerdate --format %(refname)%00%(objectname)%00%(*objectname) [10ms]
2025-05-08 22:50:17.972 [info] > git config --get commit.template [19ms]
2025-05-08 22:50:17.975 [info] > git for-each-ref --format=%(refname)%00%(upstream:short)%00%(objectname)%00%(upstream:track)%00%(upstream:remotename)%00%(upstream:remoteref) refs/heads/main refs/remotes/main [4ms]
2025-05-08 22:50:18.002 [info] > git status -z -uall [14ms]
2025-05-08 22:50:18.004 [info] > git for-each-ref --sort -committerdate --format %(refname)%00%(objectname)%00%(*objectname) [4ms]
2025-05-08 22:50:20.711 [info] > git log --format=%H%n%aN%n%aE%n%at%n%ct%n%P%n%D%n%B -z --shortstat --diff-merges=first-parent -n50 --skip=0 --topo-order --decorate=full --stdin [17ms]
2025-05-08 22:50:21.583 [info] > git check-ignore -v -z --stdin [4ms]
2025-05-08 22:50:23.047 [info] > git config --get commit.template [17ms]
2025-05-08 22:50:23.050 [info] > git for-each-ref --format=%(refname)%00%(upstream:short)%00%(objectname)%00%(upstream:track)%00%(upstream:remotename)%00%(upstream:remoteref) refs/heads/main refs/remotes/main [3ms]
2025-05-08 22:50:23.087 [info] > git status -z -uall [25ms]
2025-05-08 22:50:23.088 [info] > git for-each-ref --sort -committerdate --format %(refname)%00%(objectname)%00%(*objectname) [4ms]
2025-05-08 22:50:28.128 [info] > git config --get commit.template [16ms]
2025-05-08 22:50:28.130 [info] > git for-each-ref --format=%(refname)%00%(upstream:short)%00%(objectname)%00%(upstream:track)%00%(upstream:remotename)%00%(upstream:remoteref) refs/heads/main refs/remotes/main [4ms]
2025-05-08 22:50:28.161 [info] > git status -z -uall [17ms]
2025-05-08 22:50:28.164 [info] > git for-each-ref --sort -committerdate --format %(refname)%00%(objectname)%00%(*objectname) [5ms]
