2025-05-08 22:50:05.475 [info] Reading sessions from keychain...
2025-05-08 22:50:05.475 [info] Getting sessions for all scopes...
2025-05-08 22:50:05.475 [info] Getting sessions for all scopes...
2025-05-08 22:50:05.475 [info] Getting sessions for all scopes...
2025-05-08 22:50:05.475 [info] Getting sessions for all scopes...
2025-05-08 22:50:05.475 [info] Got 0 sessions for ...
2025-05-08 22:50:05.475 [info] Got 0 sessions for ...
2025-05-08 22:50:05.475 [info] Got 0 sessions for ...
2025-05-08 22:50:05.475 [info] Got 0 sessions for ...
2025-05-08 22:50:05.475 [info] Getting sessions for all scopes...
2025-05-08 22:50:05.475 [info] Got 0 sessions for ...
2025-05-08 22:50:05.475 [info] Getting sessions for all scopes...
2025-05-08 22:50:05.475 [info] Got 0 sessions for ...
2025-05-08 22:50:05.475 [info] Getting sessions for all scopes...
2025-05-08 22:50:05.475 [info] Got 0 sessions for ...
2025-05-08 22:50:05.475 [info] Getting sessions for all scopes...
2025-05-08 22:50:05.475 [info] Got 0 sessions for ...
2025-05-08 22:50:05.475 [info] Getting sessions for all scopes...
2025-05-08 22:50:05.475 [info] Got 0 sessions for ...
2025-05-08 22:50:08.966 [info] Getting sessions for read:user,repo,user:email,workflow...
2025-05-08 22:50:08.966 [info] Got 0 sessions for read:user,repo,user:email,workflow...
2025-05-08 22:50:21.129 [info] Getting sessions for read:user,repo,user:email,workflow...
2025-05-08 22:50:21.129 [info] Got 0 sessions for read:user,repo,user:email,workflow...
